11/13/2020 11:07:34 PM: INFO: *************** TEST_001_LOGIN *******************
11/13/2020 11:07:34 PM: INFO: *************** VERIFYING URL / HOME PAGE TITLE *******************
11/13/2020 11:07:36 PM: INFO: *************** URL WORKING FINE AND HOME PAGE TITLE IS PASSED *******************
11/13/2020 11:07:40 PM: INFO: *************** VERIFYING CAF ADMIN PORTAL VALIDATION *******************
11/13/2020 11:07:42 PM: INFO: *************** CAF ADMIN PORTAL VALIDATION LOGIN TEST IS PASSED *******************
11/13/2020 11:07:46 PM: INFO: ***********************Test_002_DDT_Login************************** 
11/13/2020 11:07:46 PM: INFO: VERIFYING CAF ADMIN LOGIN VALIDATION - DATA DRIVEN TEST
11/13/2020 11:07:47 PM: INFO: *************** CAF ADMIN LOGIN VALIDATION TEST IS PASSED *******************
11/13/2020 11:07:48 PM: INFO: *************** CAF ADMIN LOGIN VALIDATION TEST IS PASSED *******************
11/13/2020 11:07:48 PM: INFO: *************** CAF ADMIN LOGIN VALIDATION TEST IS PASSED *******************
11/13/2020 11:07:48 PM: INFO: *************** CAF ADMIN LOGIN VALIDATION TEST IS PASSED *******************
11/13/2020 11:07:48 PM: INFO: *************** CAF ADMIN LOGIN VALIDATION TEST IS PASSED *******************
11/13/2020 11:07:48 PM: INFO: CAF ADMIN LOGIN VALIDATION - DATA DRIVEN TEST IS PASSED
11/13/2020 11:07:48 PM: INFO: *****************END OF DATA DRIVEN TEST*****************
11/13/2020 11:07:48 PM: INFO: ****************END OF Test_002_DDT_Login*****************
11/13/2020 11:09:06 PM: INFO: *************** VERIFYING CAF ADMIN PORTAL VALIDATION *******************
11/13/2020 11:09:07 PM: INFO: *************** CAF ADMIN PORTAL VALIDATION LOGIN TEST IS PASSED *******************
11/13/2020 11:15:02 PM: INFO: *************** VERIFYING CAF ADMIN PORTAL VALIDATION *******************
11/13/2020 11:15:03 PM: INFO: *************** CAF ADMIN PORTAL VALIDATION LOGIN TEST IS PASSED *******************
11/13/2020 11:16:18 PM: INFO: *************** VERIFYING CAF ADMIN PORTAL VALIDATION *******************
11/13/2020 11:16:19 PM: INFO: *************** CAF ADMIN PORTAL VALIDATION LOGIN TEST IS PASSED *******************
11/13/2020 11:19:09 PM: INFO: *************** TEST_001_LOGIN *******************
11/13/2020 11:19:09 PM: INFO: *************** VERIFYING URL / HOME PAGE TITLE *******************
11/13/2020 11:19:10 PM: INFO: *************** URL WORKING FINE AND HOME PAGE TITLE IS PASSED *******************
11/13/2020 11:19:13 PM: INFO: *************** VERIFYING CAF ADMIN PORTAL VALIDATION *******************
11/13/2020 11:19:14 PM: INFO: *************** CAF ADMIN PORTAL VALIDATION LOGIN TEST IS PASSED *******************
11/13/2020 11:19:18 PM: INFO: ***********************Test_002_DDT_Login************************** 
11/13/2020 11:19:18 PM: INFO: VERIFYING CAF ADMIN LOGIN VALIDATION - DATA DRIVEN TEST
11/13/2020 11:19:19 PM: INFO: *************** CAF ADMIN LOGIN VALIDATION TEST IS PASSED *******************
11/13/2020 11:19:19 PM: INFO: *************** CAF ADMIN LOGIN VALIDATION TEST IS PASSED *******************
11/13/2020 11:19:20 PM: INFO: *************** CAF ADMIN LOGIN VALIDATION TEST IS PASSED *******************
11/13/2020 11:19:20 PM: INFO: *************** CAF ADMIN LOGIN VALIDATION TEST IS PASSED *******************
11/13/2020 11:19:20 PM: INFO: *************** CAF ADMIN LOGIN VALIDATION TEST IS PASSED *******************
11/13/2020 11:19:20 PM: INFO: CAF ADMIN LOGIN VALIDATION - DATA DRIVEN TEST IS PASSED
11/13/2020 11:19:20 PM: INFO: *****************END OF DATA DRIVEN TEST*****************
11/13/2020 11:19:20 PM: INFO: ****************END OF Test_002_DDT_Login*****************
11/13/2020 11:50:01 PM: INFO: *************** TEST_001_LOGIN *******************
11/13/2020 11:50:01 PM: INFO: *************** VERIFYING URL / HOME PAGE TITLE *******************
11/13/2020 11:50:01 PM: INFO: *************** URL WORKING FINE AND HOME PAGE TITLE IS PASSED *******************
11/13/2020 11:50:04 PM: INFO: *************** VERIFYING CAF ADMIN PORTAL VALIDATION *******************
11/13/2020 11:50:05 PM: INFO: *************** CAF ADMIN PORTAL VALIDATION LOGIN TEST IS PASSED *******************
11/13/2020 11:50:09 PM: INFO: ***********************Test_002_DDT_Login************************** 
11/13/2020 11:50:09 PM: INFO: VERIFYING CAF ADMIN LOGIN VALIDATION - DATA DRIVEN TEST
11/13/2020 11:50:10 PM: INFO: *************** CAF ADMIN LOGIN VALIDATION TEST IS PASSED *******************
11/13/2020 11:50:11 PM: INFO: *************** CAF ADMIN LOGIN VALIDATION TEST IS PASSED *******************
11/13/2020 11:50:11 PM: INFO: *************** CAF ADMIN LOGIN VALIDATION TEST IS PASSED *******************
11/13/2020 11:50:12 PM: INFO: *************** CAF ADMIN LOGIN VALIDATION TEST IS PASSED *******************
11/13/2020 11:50:12 PM: INFO: *************** CAF ADMIN LOGIN VALIDATION TEST IS PASSED *******************
11/13/2020 11:50:12 PM: INFO: CAF ADMIN LOGIN VALIDATION - DATA DRIVEN TEST IS PASSED
11/13/2020 11:50:12 PM: INFO: *****************END OF DATA DRIVEN TEST*****************
11/13/2020 11:50:12 PM: INFO: ****************END OF Test_002_DDT_Login*****************
11/16/2020 12:33:33 PM: INFO: *************** TEST_001_LOGIN *******************
11/16/2020 12:33:33 PM: INFO: *************** VERIFYING URL / HOME PAGE TITLE *******************
11/16/2020 12:33:34 PM: INFO: *************** URL WORKING FINE AND HOME PAGE TITLE IS PASSED *******************
11/16/2020 12:33:38 PM: INFO: *************** VERIFYING CAF ADMIN PORTAL VALIDATION *******************
11/16/2020 12:33:40 PM: INFO: *************** CAF ADMIN PORTAL VALIDATION LOGIN TEST IS PASSED *******************
11/16/2020 12:33:45 PM: INFO: ***********************Test_002_DDT_Login************************** 
11/16/2020 12:33:45 PM: INFO: VERIFYING CAF ADMIN LOGIN VALIDATION - DATA DRIVEN TEST
11/16/2020 12:33:48 PM: INFO: *************** CAF ADMIN LOGIN VALIDATION TEST IS PASSED *******************
11/16/2020 12:33:50 PM: INFO: *************** CAF ADMIN LOGIN VALIDATION TEST IS PASSED *******************
11/16/2020 12:33:50 PM: INFO: *************** CAF ADMIN LOGIN VALIDATION TEST IS PASSED *******************
11/16/2020 12:33:51 PM: INFO: *************** CAF ADMIN LOGIN VALIDATION TEST IS PASSED *******************
11/16/2020 12:33:51 PM: INFO: *************** CAF ADMIN LOGIN VALIDATION TEST IS PASSED *******************
11/16/2020 12:33:51 PM: INFO: CAF ADMIN LOGIN VALIDATION - DATA DRIVEN TEST IS PASSED
11/16/2020 12:33:52 PM: INFO: *****************END OF DATA DRIVEN TEST*****************
11/16/2020 12:33:52 PM: INFO: ****************END OF Test_002_DDT_Login*****************
11/21/2020 01:39:12 PM: INFO: *************** VERIFYING CAF ADMIN PORTAL VALIDATION *******************
11/21/2020 01:39:14 PM: INFO: *************** CAF ADMIN PORTAL VALIDATION LOGIN TEST IS PASSED *******************
11/21/2020 01:39:14 PM: INFO: ********* EXCEPTIONAL ENTRIES BUTTON VALIDATION IS PASSED ****************
11/21/2020 01:39:14 PM: INFO: ********* CLC BUTTON VALIDATION IS PASSED ****************
11/21/2020 01:39:14 PM: INFO: ********* CERTIFICATE DATE BUTTON VALIDATION TEST IS  PASSED ****************
11/21/2020 01:39:14 PM: INFO: ********* CERTIFICATE RE-PRINT BUTTON VALIDATION TEST IS PASSED ****************
11/21/2020 01:39:14 PM: INFO: **** ASSESSMENT ARRANGEMENTS VALID  VALUES BUTTON VALIDATION TEST IS PASSED *****
11/21/2020 01:39:14 PM: INFO: ********* USER NAME PROFILE BUTTON IS NOT ENABLED - PASSED ****************
11/21/2020 01:39:15 PM: INFO: *****************END OF BUTTON VALIDATION TEST*****************
11/21/2020 01:39:15 PM: INFO: ****************END OF Test_003_BUTTONS VALIDATIONS*****************
11/21/2020 01:39:19 PM: INFO: *************** TEST_001_LOGIN *******************
11/21/2020 01:39:19 PM: INFO: *************** VERIFYING URL / HOME PAGE TITLE *******************
11/21/2020 01:39:19 PM: INFO: *************** URL WORKING FINE AND HOME PAGE TITLE IS PASSED *******************
11/21/2020 01:39:23 PM: INFO: *************** VERIFYING CAF ADMIN PORTAL VALIDATION *******************
11/21/2020 01:39:25 PM: INFO: *************** CAF ADMIN PORTAL VALIDATION LOGIN TEST IS PASSED *******************
11/21/2020 01:39:25 PM: INFO: *****************END OF URL AND LOGIN VALIDATION TEST*****************
11/21/2020 01:39:25 PM: INFO: *******************END OF Test_001_LOGIN*****************
11/21/2020 01:39:29 PM: INFO: ***********************Test_002_DDT_Login************************** 
11/21/2020 01:39:29 PM: INFO: VERIFYING CAF ADMIN LOGIN VALIDATION - DATA DRIVEN TEST
11/21/2020 01:39:31 PM: INFO: *************** CAF ADMIN LOGIN VALIDATION TEST IS PASSED *******************
11/21/2020 01:39:32 PM: INFO: *************** CAF ADMIN LOGIN VALIDATION TEST IS PASSED *******************
11/21/2020 01:39:32 PM: INFO: *************** CAF ADMIN LOGIN VALIDATION TEST IS PASSED *******************
11/21/2020 01:39:33 PM: INFO: *************** CAF ADMIN LOGIN VALIDATION TEST IS PASSED *******************
11/21/2020 01:39:33 PM: INFO: *************** CAF ADMIN LOGIN VALIDATION TEST IS PASSED *******************
11/21/2020 01:39:33 PM: INFO: CAF ADMIN LOGIN VALIDATION - DATA DRIVEN TEST IS PASSED
11/21/2020 01:39:34 PM: INFO: *****************END OF DATA DRIVEN TEST*****************
11/21/2020 01:39:34 PM: INFO: ****************END OF Test_002_DDT_Login*****************
11/21/2020 02:43:54 PM: INFO: *************** VERIFYING CAF ADMIN PORTAL VALIDATION *******************
11/21/2020 02:43:58 PM: INFO: *************** CAF ADMIN PORTAL VALIDATION LOGIN TEST IS PASSED *******************
11/21/2020 02:43:59 PM: INFO: ********* EXCEPTIONAL ENTRIES BUTTON VALIDATION IS PASSED ****************
11/21/2020 02:43:59 PM: INFO: ********* CLC BUTTON VALIDATION IS PASSED ****************
11/21/2020 02:43:59 PM: INFO: ********* CERTIFICATE DATE BUTTON VALIDATION TEST IS  PASSED ****************
11/21/2020 02:43:59 PM: INFO: ********* CERTIFICATE RE-PRINT BUTTON VALIDATION TEST IS PASSED ****************
11/21/2020 02:43:59 PM: INFO: **** ASSESSMENT ARRANGEMENTS VALID  VALUES BUTTON VALIDATION TEST IS PASSED *****
11/21/2020 02:43:59 PM: INFO: ********* USER NAME PROFILE BUTTON IS NOT ENABLED - PASSED ****************
11/21/2020 02:43:59 PM: INFO: *****************END OF BUTTON VALIDATION TEST*****************
11/21/2020 02:43:59 PM: INFO: ****************END OF Test_003_BUTTONS VALIDATIONS*****************
11/21/2020 02:44:03 PM: INFO: *************** TEST_001_LOGIN *******************
11/21/2020 02:44:03 PM: INFO: *************** VERIFYING URL / HOME PAGE TITLE *******************
11/21/2020 02:44:04 PM: INFO: *************** URL WORKING FINE AND HOME PAGE TITLE IS PASSED *******************
11/21/2020 02:44:08 PM: INFO: *************** VERIFYING CAF ADMIN PORTAL VALIDATION *******************
11/21/2020 02:44:09 PM: INFO: *************** CAF ADMIN PORTAL VALIDATION LOGIN TEST IS PASSED *******************
11/21/2020 02:44:10 PM: INFO: *****************END OF URL AND LOGIN VALIDATION TEST*****************
11/21/2020 02:44:10 PM: INFO: *******************END OF Test_001_LOGIN*****************
11/21/2020 02:44:14 PM: INFO: ***********************Test_002_DDT_Login************************** 
11/21/2020 02:44:14 PM: INFO: VERIFYING CAF ADMIN LOGIN VALIDATION - DATA DRIVEN TEST
11/21/2020 02:44:15 PM: INFO: *************** CAF ADMIN LOGIN VALIDATION TEST IS PASSED *******************
11/21/2020 02:44:17 PM: INFO: *************** CAF ADMIN LOGIN VALIDATION TEST IS PASSED *******************
11/21/2020 02:44:17 PM: INFO: *************** CAF ADMIN LOGIN VALIDATION TEST IS PASSED *******************
11/21/2020 02:44:18 PM: INFO: *************** CAF ADMIN LOGIN VALIDATION TEST IS PASSED *******************
11/21/2020 02:44:18 PM: INFO: *************** CAF ADMIN LOGIN VALIDATION TEST IS PASSED *******************
11/21/2020 02:44:18 PM: INFO: CAF ADMIN LOGIN VALIDATION - DATA DRIVEN TEST IS PASSED
11/21/2020 02:44:19 PM: INFO: *****************END OF DATA DRIVEN TEST*****************
11/21/2020 02:44:19 PM: INFO: ****************END OF Test_002_DDT_Login*****************
11/21/2020 02:56:47 PM: INFO: ***********************Test_003_BUTTON-VALIDATIONS************************** 
11/21/2020 02:56:47 PM: INFO: *************** VERIFYING CAF ADMIN PORTAL VALIDATION *******************
11/21/2020 02:56:49 PM: INFO: *************** CAF ADMIN PORTAL VALIDATION LOGIN TEST IS PASSED *******************
11/21/2020 02:56:49 PM: INFO: ********* EXCEPTIONAL ENTRIES BUTTON VALIDATION IS PASSED ****************
11/21/2020 02:56:49 PM: INFO: ********* CLC BUTTON VALIDATION IS PASSED ****************
11/21/2020 02:56:49 PM: INFO: ********* CERTIFICATE DATE BUTTON VALIDATION TEST IS  PASSED ****************
11/21/2020 02:56:49 PM: INFO: ********* CERTIFICATE RE-PRINT BUTTON VALIDATION TEST IS PASSED ****************
11/21/2020 02:56:49 PM: INFO: **** ASSESSMENT ARRANGEMENTS VALID  VALUES BUTTON VALIDATION TEST IS PASSED *****
11/21/2020 02:56:49 PM: INFO: ********* USER NAME PROFILE BUTTON IS NOT ENABLED - PASSED ****************
11/21/2020 02:56:50 PM: INFO: *****************END OF BUTTON VALIDATION TEST*****************
11/21/2020 02:56:50 PM: INFO: ****************END OF Test_003_BUTTONS VALIDATIONS*****************
11/21/2020 02:56:53 PM: INFO: *************** TEST_001_LOGIN *******************
11/21/2020 02:56:53 PM: INFO: *************** VERIFYING URL / HOME PAGE TITLE *******************
11/21/2020 02:56:54 PM: INFO: *************** URL WORKING FINE AND HOME PAGE TITLE IS PASSED *******************
11/21/2020 02:56:57 PM: INFO: *************** VERIFYING CAF ADMIN PORTAL VALIDATION *******************
11/21/2020 02:56:59 PM: INFO: *************** CAF ADMIN PORTAL VALIDATION LOGIN TEST IS PASSED *******************
11/21/2020 02:57:00 PM: INFO: *****************END OF URL AND LOGIN VALIDATION TEST*****************
11/21/2020 02:57:00 PM: INFO: *********************END OF Test_001_LOGIN*****************
11/21/2020 02:57:04 PM: INFO: ***********************Test_002_DDT_LOGIN************************** 
11/21/2020 02:57:04 PM: INFO: VERIFYING CAF ADMIN LOGIN VALIDATION - DATA DRIVEN TEST
11/21/2020 02:57:05 PM: INFO: *************** CAF ADMIN LOGIN VALIDATION TEST IS PASSED *******************
11/21/2020 02:57:07 PM: INFO: *************** CAF ADMIN LOGIN VALIDATION TEST IS PASSED *******************
11/21/2020 02:57:07 PM: INFO: *************** CAF ADMIN LOGIN VALIDATION TEST IS PASSED *******************
11/21/2020 02:57:08 PM: INFO: *************** CAF ADMIN LOGIN VALIDATION TEST IS PASSED *******************
11/21/2020 02:57:08 PM: INFO: *************** CAF ADMIN LOGIN VALIDATION TEST IS PASSED *******************
11/21/2020 02:57:08 PM: INFO: CAF ADMIN LOGIN VALIDATION - DATA DRIVEN TEST IS PASSED
11/21/2020 02:57:08 PM: INFO: *****************END OF DATA DRIVEN TEST*****************
11/21/2020 02:57:08 PM: INFO: ****************END OF Test_002_DDT_LOGIN*****************
11/23/2020 01:16:34 PM: INFO: ***********************Test_003_BUTTON-VALIDATIONS************************** 
11/23/2020 01:16:34 PM: INFO: *************** VERIFYING CAF ADMIN PORTAL VALIDATION *******************
11/23/2020 01:16:36 PM: INFO: *************** CAF ADMIN PORTAL VALIDATION LOGIN TEST IS PASSED *******************
11/23/2020 01:16:36 PM: INFO: ********* EXCEPTIONAL ENTRIES BUTTON VALIDATION IS PASSED ****************
11/23/2020 01:16:36 PM: INFO: ********* CLC BUTTON VALIDATION IS PASSED ****************
11/23/2020 01:16:36 PM: INFO: ********* CERTIFICATE DATE BUTTON VALIDATION TEST IS  PASSED ****************
11/23/2020 01:16:36 PM: INFO: ********* CERTIFICATE RE-PRINT BUTTON VALIDATION TEST IS PASSED ****************
11/23/2020 01:16:36 PM: INFO: **** ASSESSMENT ARRANGEMENTS VALID  VALUES BUTTON VALIDATION TEST IS PASSED *****
11/23/2020 01:16:36 PM: INFO: ********* USER NAME PROFILE BUTTON IS NOT ENABLED - PASSED ****************
11/23/2020 01:16:37 PM: INFO: *****************END OF BUTTON VALIDATION TEST*****************
11/23/2020 01:16:37 PM: INFO: ****************END OF Test_003_BUTTONS VALIDATIONS*****************
11/23/2020 01:16:41 PM: INFO: *************** TEST_001_LOGIN *******************
11/23/2020 01:16:41 PM: INFO: *************** VERIFYING URL / HOME PAGE TITLE *******************
11/23/2020 01:16:41 PM: INFO: *************** URL WORKING FINE AND HOME PAGE TITLE IS PASSED *******************
11/23/2020 01:16:45 PM: INFO: *************** VERIFYING CAF ADMIN PORTAL VALIDATION *******************
11/23/2020 01:16:47 PM: INFO: *************** CAF ADMIN PORTAL VALIDATION LOGIN TEST IS PASSED *******************
11/23/2020 01:16:48 PM: INFO: *****************END OF URL AND LOGIN VALIDATION TEST*****************
11/23/2020 01:16:48 PM: INFO: *********************END OF Test_001_LOGIN*****************
11/23/2020 01:16:51 PM: INFO: ***********************Test_002_DDT_LOGIN************************** 
11/23/2020 01:16:51 PM: INFO: VERIFYING CAF ADMIN LOGIN VALIDATION - DATA DRIVEN TEST
11/23/2020 01:16:53 PM: INFO: *************** CAF ADMIN LOGIN VALIDATION TEST IS PASSED *******************
11/23/2020 01:16:55 PM: INFO: *************** CAF ADMIN LOGIN VALIDATION TEST IS PASSED *******************
11/23/2020 01:16:55 PM: INFO: *************** CAF ADMIN LOGIN VALIDATION TEST IS PASSED *******************
11/23/2020 01:16:56 PM: INFO: *************** CAF ADMIN LOGIN VALIDATION TEST IS PASSED *******************
11/23/2020 01:16:56 PM: INFO: *************** CAF ADMIN LOGIN VALIDATION TEST IS PASSED *******************
11/23/2020 01:16:56 PM: INFO: CAF ADMIN LOGIN VALIDATION - DATA DRIVEN TEST IS PASSED
11/23/2020 01:16:56 PM: INFO: *****************END OF DATA DRIVEN TEST*****************
11/23/2020 01:16:56 PM: INFO: ****************END OF Test_002_DDT_LOGIN*****************
11/23/2020 01:21:35 PM: INFO: ***********************Test_003_BUTTON-VALIDATIONS************************** 
11/23/2020 01:21:35 PM: INFO: *************** VERIFYING CAF ADMIN PORTAL VALIDATION *******************
11/23/2020 01:21:37 PM: INFO: *************** CAF ADMIN PORTAL VALIDATION LOGIN TEST IS PASSED *******************
11/23/2020 01:21:37 PM: INFO: ********* EXCEPTIONAL ENTRIES BUTTON VALIDATION IS PASSED ****************
11/23/2020 01:21:37 PM: INFO: ********* CLC BUTTON VALIDATION IS PASSED ****************
11/23/2020 01:21:37 PM: INFO: ********* CERTIFICATE DATE BUTTON VALIDATION TEST IS  PASSED ****************
11/23/2020 01:21:37 PM: INFO: ********* CERTIFICATE RE-PRINT BUTTON VALIDATION TEST IS PASSED ****************
11/23/2020 01:21:37 PM: INFO: **** ASSESSMENT ARRANGEMENTS VALID  VALUES BUTTON VALIDATION TEST IS PASSED *****
11/23/2020 01:21:37 PM: INFO: ********* USER NAME PROFILE BUTTON IS NOT ENABLED - PASSED ****************
11/23/2020 01:21:38 PM: INFO: *****************END OF BUTTON VALIDATION TEST*****************
11/23/2020 01:21:38 PM: INFO: ****************END OF Test_003_BUTTONS VALIDATIONS*****************
11/23/2020 01:21:42 PM: INFO: *************** TEST_001_LOGIN *******************
11/23/2020 01:21:42 PM: INFO: *************** VERIFYING URL / HOME PAGE TITLE *******************
11/23/2020 01:21:42 PM: INFO: *************** URL WORKING FINE AND HOME PAGE TITLE IS PASSED *******************
11/23/2020 01:21:46 PM: INFO: *************** VERIFYING CAF ADMIN PORTAL VALIDATION *******************
11/23/2020 01:21:48 PM: INFO: *************** CAF ADMIN PORTAL VALIDATION LOGIN TEST IS PASSED *******************
11/23/2020 01:21:49 PM: INFO: *****************END OF URL AND LOGIN VALIDATION TEST*****************
11/23/2020 01:21:49 PM: INFO: *********************END OF Test_001_LOGIN*****************
11/23/2020 01:21:52 PM: INFO: ***********************Test_002_DDT_LOGIN************************** 
11/23/2020 01:21:52 PM: INFO: VERIFYING CAF ADMIN LOGIN VALIDATION - DATA DRIVEN TEST
11/23/2020 01:21:54 PM: INFO: *************** CAF ADMIN LOGIN VALIDATION TEST IS PASSED *******************
11/23/2020 01:21:55 PM: INFO: *************** CAF ADMIN LOGIN VALIDATION TEST IS PASSED *******************
11/23/2020 01:21:56 PM: INFO: *************** CAF ADMIN LOGIN VALIDATION TEST IS PASSED *******************
11/23/2020 01:21:57 PM: INFO: *************** CAF ADMIN LOGIN VALIDATION TEST IS PASSED *******************
11/23/2020 01:21:57 PM: INFO: *************** CAF ADMIN LOGIN VALIDATION TEST IS PASSED *******************
11/23/2020 01:21:57 PM: INFO: CAF ADMIN LOGIN VALIDATION - DATA DRIVEN TEST IS PASSED
11/23/2020 01:21:57 PM: INFO: *****************END OF DATA DRIVEN TEST*****************
11/23/2020 01:21:57 PM: INFO: ****************END OF Test_002_DDT_LOGIN*****************
11/25/2020 12:01:11 PM: INFO: ***********************Test_003_BUTTON-VALIDATIONS************************** 
11/25/2020 12:01:11 PM: INFO: *************** VERIFYING CAF ADMIN PORTAL VALIDATION *******************
11/25/2020 12:01:13 PM: INFO: *************** CAF ADMIN PORTAL VALIDATION LOGIN TEST IS PASSED *******************
11/25/2020 12:01:13 PM: INFO: ********* EXCEPTIONAL ENTRIES BUTTON VALIDATION IS PASSED ****************
11/25/2020 12:01:13 PM: INFO: ********* CLC BUTTON VALIDATION IS PASSED ****************
11/25/2020 12:01:13 PM: INFO: ********* CERTIFICATE DATE BUTTON VALIDATION TEST IS  PASSED ****************
11/25/2020 12:01:13 PM: INFO: ********* CERTIFICATE RE-PRINT BUTTON VALIDATION TEST IS PASSED ****************
11/25/2020 12:01:13 PM: INFO: **** ASSESSMENT ARRANGEMENTS VALID  VALUES BUTTON VALIDATION TEST IS PASSED *****
11/25/2020 12:01:13 PM: INFO: ********* USER NAME PROFILE BUTTON IS NOT ENABLED - PASSED ****************
11/25/2020 12:01:14 PM: INFO: *****************END OF BUTTON VALIDATION TEST*****************
11/25/2020 12:01:14 PM: INFO: ****************END OF Test_003_BUTTONS VALIDATIONS*****************
11/25/2020 12:01:17 PM: INFO: *************** TEST_001_LOGIN *******************
11/25/2020 12:01:17 PM: INFO: *************** VERIFYING URL / HOME PAGE TITLE *******************
11/25/2020 12:01:18 PM: INFO: *************** URL WORKING FINE AND HOME PAGE TITLE IS PASSED *******************
11/25/2020 12:01:22 PM: INFO: *************** VERIFYING CAF ADMIN PORTAL VALIDATION *******************
11/25/2020 12:01:23 PM: INFO: *************** CAF ADMIN PORTAL VALIDATION LOGIN TEST IS PASSED *******************
11/25/2020 12:01:24 PM: INFO: *****************END OF URL AND LOGIN VALIDATION TEST*****************
11/25/2020 12:01:24 PM: INFO: *********************END OF Test_001_LOGIN*****************
11/25/2020 12:01:27 PM: INFO: ***********************Test_002_DDT_LOGIN************************** 
11/25/2020 12:01:27 PM: INFO: VERIFYING CAF ADMIN LOGIN VALIDATION - DATA DRIVEN TEST
11/25/2020 12:01:28 PM: INFO: *************** CAF ADMIN LOGIN VALIDATION TEST IS PASSED *******************
11/25/2020 12:01:29 PM: INFO: *************** CAF ADMIN LOGIN VALIDATION TEST IS PASSED *******************
11/25/2020 12:01:29 PM: INFO: *************** CAF ADMIN LOGIN VALIDATION TEST IS PASSED *******************
11/25/2020 12:01:30 PM: INFO: *************** CAF ADMIN LOGIN VALIDATION TEST IS PASSED *******************
11/25/2020 12:01:30 PM: INFO: *************** CAF ADMIN LOGIN VALIDATION TEST IS PASSED *******************
11/25/2020 12:01:30 PM: INFO: CAF ADMIN LOGIN VALIDATION - DATA DRIVEN TEST IS PASSED
11/25/2020 12:01:30 PM: INFO: *****************END OF DATA DRIVEN TEST*****************
11/25/2020 12:01:30 PM: INFO: ****************END OF Test_002_DDT_LOGIN*****************
11/29/2020 10:43:04 PM: INFO: ***********************Test_003_BUTTON-VALIDATIONS************************** 
11/29/2020 10:43:04 PM: INFO: *************** VERIFYING CAF ADMIN PORTAL VALIDATION *******************
11/29/2020 10:43:06 PM: INFO: *************** CAF ADMIN PORTAL VALIDATION LOGIN TEST IS PASSED *******************
11/29/2020 10:43:06 PM: INFO: ********* EXCEPTIONAL ENTRIES BUTTON VALIDATION IS PASSED ****************
11/29/2020 10:43:06 PM: INFO: ********* CLC BUTTON VALIDATION IS PASSED ****************
11/29/2020 10:43:06 PM: INFO: ********* CERTIFICATE DATE BUTTON VALIDATION TEST IS  PASSED ****************
11/29/2020 10:43:06 PM: INFO: ********* CERTIFICATE RE-PRINT BUTTON VALIDATION TEST IS PASSED ****************
11/29/2020 10:43:06 PM: INFO: **** ASSESSMENT ARRANGEMENTS VALID  VALUES BUTTON VALIDATION TEST IS PASSED *****
11/29/2020 10:43:07 PM: INFO: ********* USER NAME PROFILE BUTTON IS NOT ENABLED - PASSED ****************
11/29/2020 10:43:07 PM: INFO: *****************END OF BUTTON VALIDATION TEST*****************
11/29/2020 10:43:07 PM: INFO: ****************END OF Test_003_BUTTONS VALIDATIONS*****************
11/29/2020 10:43:11 PM: INFO: *************** VERIFYING CAF ADMIN PORTAL VALIDATION *******************
11/29/2020 10:43:13 PM: INFO: *************** CAF ADMIN PORTAL VALIDATION LOGIN TEST IS PASSED *******************
11/29/2020 10:43:14 PM: ERROR: ******* EXCEPTIONAL ENTRY FILE PROCESS IS FAILED - TEST IS FAILED ******A record has been detected in the entries table for SCN 123456860, Product code/level G1J6/16 and Completion date 31/10/2021 00:00:00.
11/29/2020 10:43:15 PM: INFO: *****************END OF EXCEPTIONAL ENTRIES TEST*****************
11/29/2020 10:43:15 PM: INFO: ***************END OF Test_004_EXCEPTIONAL_ENTRIES*****************
11/29/2020 10:43:19 PM: INFO: ********************** TEST_001_LOGIN *******************
11/29/2020 10:43:19 PM: INFO: *************** URL VALIDATION / HOME PAGE TITLE *******************
11/29/2020 10:43:19 PM: INFO: *************** URL WORKING FINE AND HOME PAGE TITLE IS PASSED *******************
11/29/2020 10:43:23 PM: INFO: *************** VERIFYING CAF ADMIN PORTAL VALIDATION *******************
11/29/2020 10:43:25 PM: INFO: *************** CAF ADMIN PORTAL VALIDATION LOGIN TEST IS PASSED *******************
11/29/2020 10:43:25 PM: INFO: *****************END OF URL AND LOGIN VALIDATION TEST*****************
11/29/2020 10:43:25 PM: INFO: *********************END OF Test_001_LOGIN*****************
11/29/2020 10:43:29 PM: INFO: ***********************Test_002_DDT_LOGIN************************** 
11/29/2020 10:43:29 PM: INFO: VERIFYING CAF ADMIN LOGIN VALIDATION - DATA DRIVEN TEST
11/29/2020 10:43:31 PM: INFO: *************** CAF ADMIN LOGIN VALIDATION TEST IS PASSED *******************
11/29/2020 10:43:32 PM: INFO: *************** CAF ADMIN LOGIN VALIDATION TEST IS PASSED *******************
11/29/2020 10:43:32 PM: INFO: *************** CAF ADMIN LOGIN VALIDATION TEST IS PASSED *******************
11/29/2020 10:43:33 PM: INFO: *************** CAF ADMIN LOGIN VALIDATION TEST IS PASSED *******************
11/29/2020 10:43:33 PM: INFO: *************** CAF ADMIN LOGIN VALIDATION TEST IS PASSED *******************
11/29/2020 10:43:33 PM: INFO: CAF ADMIN LOGIN VALIDATION - DATA DRIVEN TEST IS PASSED
11/29/2020 10:43:33 PM: INFO: *****************END OF DATA DRIVEN TEST*****************
11/29/2020 10:43:33 PM: INFO: ****************END OF Test_002_DDT_LOGIN*****************
11/29/2020 10:50:33 PM: INFO: ***********************Test_003_BUTTON-VALIDATIONS************************** 
11/29/2020 10:50:33 PM: INFO: *************** VERIFYING CAF ADMIN PORTAL VALIDATION *******************
11/29/2020 10:50:35 PM: INFO: *************** CAF ADMIN PORTAL VALIDATION LOGIN TEST IS PASSED *******************
11/29/2020 10:50:35 PM: INFO: ********* EXCEPTIONAL ENTRIES BUTTON VALIDATION IS PASSED ****************
11/29/2020 10:50:35 PM: INFO: ********* CLC BUTTON VALIDATION IS PASSED ****************
11/29/2020 10:50:35 PM: INFO: ********* CERTIFICATE DATE BUTTON VALIDATION TEST IS  PASSED ****************
11/29/2020 10:50:35 PM: INFO: ********* CERTIFICATE RE-PRINT BUTTON VALIDATION TEST IS PASSED ****************
11/29/2020 10:50:35 PM: INFO: **** ASSESSMENT ARRANGEMENTS VALID  VALUES BUTTON VALIDATION TEST IS PASSED *****
11/29/2020 10:50:35 PM: INFO: ********* USER NAME PROFILE BUTTON IS NOT ENABLED - PASSED ****************
11/29/2020 10:50:35 PM: INFO: *****************END OF BUTTON VALIDATION TEST*****************
11/29/2020 10:50:35 PM: INFO: ****************END OF Test_003_BUTTONS VALIDATIONS*****************
11/29/2020 10:50:39 PM: INFO: *************** VERIFYING CAF ADMIN PORTAL VALIDATION *******************
11/29/2020 10:50:41 PM: INFO: *************** CAF ADMIN PORTAL VALIDATION LOGIN TEST IS PASSED *******************
11/29/2020 10:50:42 PM: ERROR: ******* EXCEPTIONAL ENTRY FILE PROCESS IS FAILED - TEST IS FAILED ******A record has been detected in the entries table for SCN 123456860, Product code/level G1J6/16 and Completion date 31/10/2021 00:00:00.
11/29/2020 10:50:46 PM: INFO: ********************** TEST_001_LOGIN *******************
11/29/2020 10:50:46 PM: INFO: *************** URL VALIDATION / HOME PAGE TITLE *******************
11/29/2020 10:50:47 PM: INFO: *************** URL WORKING FINE AND HOME PAGE TITLE IS PASSED *******************
11/29/2020 10:50:51 PM: INFO: *************** VERIFYING CAF ADMIN PORTAL VALIDATION *******************
11/29/2020 10:50:52 PM: INFO: *************** CAF ADMIN PORTAL VALIDATION LOGIN TEST IS PASSED *******************
11/29/2020 10:50:53 PM: INFO: *****************END OF URL AND LOGIN VALIDATION TEST*****************
11/29/2020 10:50:53 PM: INFO: *********************END OF Test_001_LOGIN*****************
11/29/2020 10:50:56 PM: INFO: ***********************Test_002_DDT_LOGIN************************** 
11/29/2020 10:50:56 PM: INFO: VERIFYING CAF ADMIN LOGIN VALIDATION - DATA DRIVEN TEST
11/29/2020 10:50:58 PM: INFO: *************** CAF ADMIN LOGIN VALIDATION TEST IS PASSED *******************
11/29/2020 10:50:59 PM: INFO: *************** CAF ADMIN LOGIN VALIDATION TEST IS PASSED *******************
11/29/2020 10:51:00 PM: INFO: *************** CAF ADMIN LOGIN VALIDATION TEST IS PASSED *******************
11/29/2020 10:51:00 PM: INFO: *************** CAF ADMIN LOGIN VALIDATION TEST IS PASSED *******************
11/29/2020 10:51:01 PM: INFO: *************** CAF ADMIN LOGIN VALIDATION TEST IS PASSED *******************
11/29/2020 10:51:01 PM: INFO: CAF ADMIN LOGIN VALIDATION - DATA DRIVEN TEST IS PASSED
11/29/2020 10:51:01 PM: INFO: *****************END OF DATA DRIVEN TEST*****************
11/29/2020 10:51:01 PM: INFO: ****************END OF Test_002_DDT_LOGIN*****************
11/29/2020 11:01:17 PM: INFO: ***********************Test_003_BUTTON-VALIDATIONS************************** 
11/29/2020 11:01:17 PM: INFO: *************** VERIFYING CAF ADMIN PORTAL VALIDATION *******************
11/29/2020 11:01:18 PM: INFO: *************** CAF ADMIN PORTAL VALIDATION LOGIN TEST IS PASSED *******************
11/29/2020 11:01:18 PM: INFO: ********* EXCEPTIONAL ENTRIES BUTTON VALIDATION IS PASSED ****************
11/29/2020 11:01:18 PM: INFO: ********* CLC BUTTON VALIDATION IS PASSED ****************
11/29/2020 11:01:18 PM: INFO: ********* CERTIFICATE DATE BUTTON VALIDATION TEST IS  PASSED ****************
11/29/2020 11:01:19 PM: INFO: ********* CERTIFICATE RE-PRINT BUTTON VALIDATION TEST IS PASSED ****************
11/29/2020 11:01:19 PM: INFO: **** ASSESSMENT ARRANGEMENTS VALID  VALUES BUTTON VALIDATION TEST IS PASSED *****
11/29/2020 11:01:19 PM: INFO: ********* USER NAME PROFILE BUTTON IS NOT ENABLED - PASSED ****************
11/29/2020 11:01:19 PM: INFO: *****************END OF BUTTON VALIDATION TEST*****************
11/29/2020 11:01:19 PM: INFO: ****************END OF Test_003_BUTTONS VALIDATIONS*****************
11/29/2020 11:01:23 PM: INFO: *************** VERIFYING CAF ADMIN PORTAL VALIDATION *******************
11/29/2020 11:01:25 PM: INFO: *************** CAF ADMIN PORTAL VALIDATION LOGIN TEST IS PASSED *******************
11/29/2020 11:01:27 PM: ERROR: ******* EXCEPTIONAL ENTRY FILE PROCESS IS FAILED - TEST IS FAILED ******A record has been detected in the entries table for SCN 123456860, Product code/level G1J6/16 and Completion date 31/10/2021 00:00:00.
11/29/2020 11:01:31 PM: INFO: ********************** TEST_001_LOGIN *******************
11/29/2020 11:01:31 PM: INFO: *************** URL VALIDATION / HOME PAGE TITLE *******************
11/29/2020 11:01:31 PM: INFO: *************** URL WORKING FINE AND HOME PAGE TITLE IS PASSED *******************
11/29/2020 11:01:35 PM: INFO: *************** VERIFYING CAF ADMIN PORTAL VALIDATION *******************
11/29/2020 11:01:37 PM: INFO: *************** CAF ADMIN PORTAL VALIDATION LOGIN TEST IS PASSED *******************
11/29/2020 11:01:37 PM: INFO: *****************END OF URL AND LOGIN VALIDATION TEST*****************
11/29/2020 11:01:37 PM: INFO: *********************END OF Test_001_LOGIN*****************
11/29/2020 11:01:41 PM: INFO: ***********************Test_002_DDT_LOGIN************************** 
11/29/2020 11:01:41 PM: INFO: VERIFYING CAF ADMIN LOGIN VALIDATION - DATA DRIVEN TEST
11/29/2020 11:01:43 PM: INFO: *************** CAF ADMIN LOGIN VALIDATION TEST IS PASSED *******************
11/29/2020 11:01:44 PM: INFO: *************** CAF ADMIN LOGIN VALIDATION TEST IS PASSED *******************
11/29/2020 11:01:45 PM: INFO: *************** CAF ADMIN LOGIN VALIDATION TEST IS PASSED *******************
11/29/2020 11:01:46 PM: INFO: *************** CAF ADMIN LOGIN VALIDATION TEST IS PASSED *******************
11/29/2020 11:01:46 PM: INFO: *************** CAF ADMIN LOGIN VALIDATION TEST IS PASSED *******************
11/29/2020 11:01:46 PM: INFO: CAF ADMIN LOGIN VALIDATION - DATA DRIVEN TEST IS PASSED
11/29/2020 11:01:46 PM: INFO: *****************END OF DATA DRIVEN TEST*****************
11/29/2020 11:01:46 PM: INFO: ****************END OF Test_002_DDT_LOGIN*****************
